<?xml version="1.0" encoding="UTF-8"?>
<!-- Generated by org.testng.reporters.JUnitReportReporter -->
<testsuite skipped="0" hostname="tikirikitweety" name="Demo.TestNGDependencyDemo" tests="3" failures="0" timestamp="2020-04-23T15:53:51 PDT" time="0.015" errors="0">
  <testcase name="test2" time="0.011" classname="Demo.TestNGDependencyDemo"/>
  <system-out/>
  <testcase name="test1" time="0.003" classname="Demo.TestNGDependencyDemo"/>
  <system-out/>
  <testcase name="test3" time="0.001" classname="Demo.TestNGDependencyDemo"/>
  <system-out/>
</testsuite> <!-- Demo.TestNGDependencyDemo -->
