<?xml version="1.0" encoding="UTF-8"?>
<!-- Generated by org.testng.reporters.JUnitReportReporter -->
<testsuite skipped="0" hostname="tikirikitweety" name="Demo.TestNGGroupDemo" tests="4" failures="0" timestamp="2020-04-23T15:53:14 PDT" time="0.025" errors="0">
  <testcase name="test3" time="0.001" classname="Demo.TestNGGroupDemo"/>
  <system-out/>
  <testcase name="test1" time="0.018" classname="Demo.TestNGGroupDemo"/>
  <system-out/>
  <testcase name="test4" time="0.004" classname="Demo.TestNGGroupDemo"/>
  <system-out/>
  <testcase name="test2" time="0.002" classname="Demo.TestNGGroupDemo"/>
  <system-out/>
</testsuite> <!-- Demo.TestNGGroupDemo -->
