<?xml version="1.0" encoding="UTF-8"?>
<!-- Generated by org.testng.reporters.JUnitReportReporter -->
<testsuite skipped="0" hostname="tikirikitweety" name="Test.ExtentReportWithTestNG" tests="2" failures="0" timestamp="2020-04-16T13:45:42 PDT" time="5.128" errors="0">
  <testcase name="test2" time="1.872" classname="Test.ExtentReportWithTestNG"/>
  <system-out/>
  <testcase name="test1" time="3.256" classname="Test.ExtentReportWithTestNG"/>
  <system-out/>
</testsuite> <!-- Test.ExtentReportWithTestNG -->
