<?xml version="1.0" encoding="UTF-8"?>
<!-- Generated by org.testng.reporters.JUnitReportReporter -->
<testsuite skipped="1" hostname="tikirikitweety" name="Demo.TestNGIgnoreDemo" tests="3" failures="0" timestamp="2020-04-24T09:48:50 PDT" time="0.012" errors="0">
  <testcase name="test3" time="0.001" classname="Demo.TestNGIgnoreDemo"/>
  <system-out/>
  <testcase name="test2" time="0.011" classname="Demo.TestNGIgnoreDemo"/>
  <system-out/>
  <testcase name="test1" classname="Demo.TestNGIgnoreDemo">
    <skipped/>
  </testcase> <!-- test1 -->
  <system-out/>
</testsuite> <!-- Demo.TestNGIgnoreDemo -->
