<?xml version="1.0" encoding="UTF-8"?>
<!-- Generated by org.testng.reporters.JUnitReportReporter -->
<testsuite skipped="1" hostname="tikirikitweety" name="Listener.TestNGListenerDemo2" tests="3" failures="0" timestamp="2020-04-22T11:10:45 PDT" time="0.005" errors="0">
  <testcase name="test3" time="0.002" classname="Listener.TestNGListenerDemo2"/>
  <system-out/>
  <testcase name="test5" time="0.001" classname="Listener.TestNGListenerDemo2">
    <skipped/>
  </testcase> <!-- test5 -->
  <system-out/>
  <testcase name="test4" time="0.002" classname="Listener.TestNGListenerDemo2"/>
  <system-out/>
</testsuite> <!-- Listener.TestNGListenerDemo2 -->
