<?xml version="1.0" encoding="UTF-8"?>
<!-- Generated by org.testng.reporters.JUnitReportReporter -->
<testsuite skipped="0" hostname="tikirikitweety" name="Test.GoogleSearchTestNG" tests="1" failures="0" timestamp="2020-04-14T14:32:00 PDT" time="4.878" errors="0">
  <testcase name="googleSearch" time="4.878" classname="Test.GoogleSearchTestNG"/>
  <system-out/>
</testsuite> <!-- Test.GoogleSearchTestNG -->
