<?xml version="1.0" encoding="UTF-8"?>
<!-- Generated by org.testng.reporters.JUnitReportReporter -->
<testsuite skipped="0" hostname="tikirikitweety" name="Demo.TestNGPriorityDemo" tests="3" failures="0" timestamp="2020-04-22T17:59:15 PDT" time="0.015" errors="0">
  <testcase name="three" time="0.002" classname="Demo.TestNGPriorityDemo"/>
  <system-out/>
  <testcase name="two" time="0.001" classname="Demo.TestNGPriorityDemo"/>
  <system-out/>
  <testcase name="one" time="0.012" classname="Demo.TestNGPriorityDemo"/>
  <system-out/>
</testsuite> <!-- Demo.TestNGPriorityDemo -->
